
Showing logs for build [32mcb-kubecd-environment-pr-158-38-dxz47-1[0m stage [32mfrom-build-pack[0m and container [32mstep-credential-initializer-w4mth[0m
{"level":"warn","ts":1581813532.8091273,"logger":"fallback-logger","caller":"logging/config.go:69","msg":"Fetch GitHub commit ID from kodata failed: \"ref: refs/heads/0.8.0-**-support-backwards-incompats\" is not a valid GitHub commit ID"}
{"level":"info","ts":1581813532.8125288,"logger":"fallback-logger","caller":"creds-init/main.go:40","msg":"Credentials initialized."}

Showing logs for build [32mcb-kubecd-environment-pr-158-38-dxz47-1[0m stage [32mfrom-build-pack[0m and container [32mstep-working-dir-initializer-jjzw5[0m
{"level":"warn","ts":1581813533.3094149,"logger":"fallback-logger","caller":"logging/config.go:69","msg":"Fetch GitHub commit ID from kodata failed: open /var/run/ko/HEAD: no such file or directory"}
{"level":"info","ts":1581813533.3165169,"logger":"fallback-logger","caller":"bash/main.go:64","msg":"Successfully executed command \"sh -c mkdir -p /workspace/source\"; output "}

Showing logs for build [32mcb-kubecd-environment-pr-158-38-dxz47-1[0m stage [32mfrom-build-pack[0m and container [32mstep-place-tools[0m

Showing logs for build [32mcb-kubecd-environment-pr-158-38-dxz47-1[0m stage [32mfrom-build-pack[0m and container [32mstep-git-source-cb-kubecd-environment-pr-158-38-dxz47-dwh5d[0m
{"level":"warn","ts":1581813537.3680153,"logger":"fallback-logger","caller":"logging/config.go:69","msg":"Fetch GitHub commit ID from kodata failed: \"ref: refs/heads/0.8.0-**-support-backwards-incompats\" is not a valid GitHub commit ID"}
{"level":"info","ts":1581813538.3830569,"logger":"fallback-logger","caller":"git/git.go:103","msg":"Successfully cloned https://github.com/cb-kubecd/environment-pr-158-38-boot-gke-production.git @ master in path /workspace/source"}

Showing logs for build [32mcb-kubecd-environment-pr-158-38-dxz47-1[0m stage [32mfrom-build-pack[0m and container [32mstep-git-merge[0m
Using SHAs from PULL_REFS=master:76ec9a936bbbfd71dd5d52c88883fe1c0b6e7c98,1:cd751d96b8d3ab0bc3cdaebdbbc7638205a9996e
DEBUG: LC_ALL=C JX_LOG_LEVEL=error git fetch origin --unshallow cd751d96b8d3ab0bc3cdaebdbbc7638205a9996e: 76ec9a936bbbfd71dd5d52c88883fe1c0b6e7c98:
DEBUG: ran git fetch --unshallow origin cd751d96b8d3ab0bc3cdaebdbbc7638205a9996e: 76ec9a936bbbfd71dd5d52c88883fe1c0b6e7c98: in 
DEBUG: LC_ALL=C JX_LOG_LEVEL=error git branch
DEBUG: LC_ALL=C JX_LOG_LEVEL=error git checkout master
DEBUG: ran git checkout master in 
DEBUG: LC_ALL=C JX_LOG_LEVEL=error git reset --hard 76ec9a936bbbfd71dd5d52c88883fe1c0b6e7c98
DEBUG: ran git reset --hard 76ec9a936bbbfd71dd5d52c88883fe1c0b6e7c98 in 
DEBUG: LC_ALL=C JX_LOG_LEVEL=error git clean -fd .
DEBUG: ran clean --force -d . in 
DEBUG: LC_ALL=C JX_LOG_LEVEL=error git merge cd751d96b8d3ab0bc3cdaebdbbc7638205a9996e
DEBUG: ran git merge cd751d96b8d3ab0bc3cdaebdbbc7638205a9996e in 
DEBUG: LC_ALL=C JX_LOG_LEVEL=error git log --format=%H%x1f%an%x1f%ae%x1f%cn%x1f%ce%x1f%s%n%b%x1e 76ec9a936bbbfd71dd5d52c88883fe1c0b6e7c98..HEAD
Merged SHA cd751d96b8d3ab0bc3cdaebdbbc7638205a9996e with commit message 'chore: Promote bdd-spring-1581812690 to version 0.0.1' into base branch master

Showing logs for build [32mcb-kubecd-environment-pr-158-38-dxz47-1[0m stage [32mfrom-build-pack[0m and container [32mstep-build-helm-build[0m
WARNING: No $CHART_REPOSITORY defined so using the default value of: http://jenkins-x-chartmuseum:8080
Adding missing Helm repo: storage.googleapis.com https://storage.googleapis.com/chartmuseum.jenkins-x.io
WARNING: No secrets found on "helm/repos" due: reading the secret "helm/repos" from vault: no secret "helm/repos" not found in vault
Read credentials for https://storage.googleapis.com/chartmuseum.jenkins-x.io from vault helm/repos
Successfully added Helm repository storage.googleapis.com.
Adding missing Helm repo: jenkins-x-chartmuseum http://jenkins-x-chartmuseum:8080
WARNING: No secrets found on "helm/repos" due: reading the secret "helm/repos" from vault: no secret "helm/repos" not found in vault
Read credentials for http://jenkins-x-chartmuseum:8080 from vault helm/repos
Successfully added Helm repository jenkins-x-chartmuseum.
WARNING: No $CHART_REPOSITORY defined so using the default value of: http://jenkins-x-chartmuseum:8080
Adding missing Helm repo: chartmuseum.jenkins-x.io http://chartmuseum.jenkins-x.io
WARNING: No secrets found on "helm/repos" due: reading the secret "helm/repos" from vault: no secret "helm/repos" not found in vault
Read credentials for http://chartmuseum.jenkins-x.io from vault helm/repos
Successfully added Helm repository chartmuseum.jenkins-x.io.
